2024-09-15T11:04:10.333+02:00  INFO 7468 --- [electric_diary] [main] c.e.ElectricDiaryApplication             : Starting ElectricDiaryApplication using Java 17.0.12 with PID 7468 (D:\Electronic-School-Diary-Project\School-Management-System-Backend\target\classes started by feren in D:\Electronic-School-Diary-Project\School-Management-System-Backend)
2024-09-15T11:04:10.337+02:00  INFO 7468 --- [electric_diary] [main] c.e.ElectricDiaryApplication             : No active profile set, falling back to 1 default profile: "default"
2024-09-15T11:04:11.141+02:00  INFO 7468 --- [electric_diary] [main] .s.d.r.c.RepositoryConfigurationDelegate : Bootstrapping Spring Data JPA repositories in DEFAULT mode.
2024-09-15T11:04:11.208+02:00  INFO 7468 --- [electric_diary] [main] .s.d.r.c.RepositoryConfigurationDelegate : Finished Spring Data repository scanning in 58 ms. Found 8 JPA repository interfaces.
2024-09-15T11:04:11.705+02:00  INFO 7468 --- [electric_diary] [main] o.s.b.w.embedded.tomcat.TomcatWebServer  : Tomcat initialized with port 8080 (http)
2024-09-15T11:04:11.719+02:00  INFO 7468 --- [electric_diary] [main] o.apache.catalina.core.StandardService   : Starting service [Tomcat]
2024-09-15T11:04:11.719+02:00  INFO 7468 --- [electric_diary] [main] o.apache.catalina.core.StandardEngine    : Starting Servlet engine: [Apache Tomcat/10.1.20]
2024-09-15T11:04:11.786+02:00  INFO 7468 --- [electric_diary] [main] o.a.c.c.C.[Tomcat].[localhost].[/]       : Initializing Spring embedded WebApplicationContext
2024-09-15T11:04:11.786+02:00  INFO 7468 --- [electric_diary] [main] w.s.c.ServletWebServerApplicationContext : Root WebApplicationContext: initialization completed in 1388 ms
2024-09-15T11:04:12.287+02:00  INFO 7468 --- [electric_diary] [main] o.s.o.j.p.SpringPersistenceUnitInfo      : No LoadTimeWeaver setup: ignoring JPA class transformer
2024-09-15T11:04:12.319+02:00  INFO 7468 --- [electric_diary] [main] com.zaxxer.hikari.HikariDataSource       : HikariPool-1 - Starting...
2024-09-15T11:04:12.739+02:00  INFO 7468 --- [electric_diary] [main] com.zaxxer.hikari.pool.HikariPool        : HikariPool-1 - Added connection com.mysql.cj.jdbc.ConnectionImpl@2c1a8529
2024-09-15T11:04:12.743+02:00  INFO 7468 --- [electric_diary] [main] com.zaxxer.hikari.HikariDataSource       : HikariPool-1 - Start completed.
2024-09-15T11:04:13.921+02:00  INFO 7468 --- [electric_diary] [main] j.LocalContainerEntityManagerFactoryBean : Initialized JPA EntityManagerFactory for persistence unit 'default'
2024-09-15T11:04:14.462+02:00  WARN 7468 --- [electric_diary] [main] JpaBaseConfiguration$JpaWebConfiguration : spring.jpa.open-in-view is enabled by default. Therefore, database queries may be performed during view rendering. Explicitly configure spring.jpa.open-in-view to disable this warning
2024-09-15T11:04:14.747+02:00  INFO 7468 --- [electric_diary] [main] o.s.s.web.DefaultSecurityFilterChain     : Will secure any request with [org.springframework.security.web.session.DisableEncodeUrlFilter@88fe9a8, org.springframework.security.web.context.request.async.WebAsyncManagerIntegrationFilter@17d606c9, org.springframework.security.web.context.SecurityContextHolderFilter@354ed5c4, org.springframework.security.web.header.HeaderWriterFilter@217abcc9, org.springframework.web.filter.CorsFilter@6f45a2fd, org.springframework.security.web.authentication.logout.LogoutFilter@d140627, org.springframework.security.web.authentication.www.BasicAuthenticationFilter@3884e858, org.springframework.security.web.savedrequest.RequestCacheAwareFilter@6dc98c02, org.springframework.security.web.servletapi.SecurityContextHolderAwareRequestFilter@7af4286, org.springframework.security.web.authentication.AnonymousAuthenticationFilter@6792aa3e, org.springframework.security.web.access.ExceptionTranslationFilter@6114902c, org.springframework.security.web.access.intercept.FilterSecurityInterceptor@7a925ac4]
2024-09-15T11:04:15.188+02:00  INFO 7468 --- [electric_diary] [main] o.s.b.w.embedded.tomcat.TomcatWebServer  : Tomcat started on port 8080 (http) with context path ''
2024-09-15T11:04:15.201+02:00  INFO 7468 --- [electric_diary] [main] c.e.ElectricDiaryApplication             : Started ElectricDiaryApplication in 5.203 seconds (process running for 5.841)
2024-09-15T11:06:19.618+02:00  INFO 7468 --- [electric_diary] [http-nio-8080-exec-2] o.a.c.c.C.[Tomcat].[localhost].[/]       : Initializing Spring DispatcherServlet 'dispatcherServlet'
2024-09-15T11:06:19.618+02:00  INFO 7468 --- [electric_diary] [http-nio-8080-exec-2] o.s.web.servlet.DispatcherServlet        : Initializing Servlet 'dispatcherServlet'
2024-09-15T11:06:19.621+02:00  INFO 7468 --- [electric_diary] [http-nio-8080-exec-2] o.s.web.servlet.DispatcherServlet        : Completed initialization in 3 ms
2024-09-15T11:06:19.963+02:00  INFO 7468 --- [electric_diary] [http-nio-8080-exec-2] c.e.services.impl.UserServiceImpl        : Fetched all users.
2024-09-15T11:07:16.071+02:00  INFO 7468 --- [electric_diary] [http-nio-8080-exec-3] c.e.services.impl.RoleServiceImpl        : Fetched all roles.
2024-09-15T11:16:38.595+02:00  WARN 7468 --- [electric_diary] [HikariPool-1 housekeeper] com.zaxxer.hikari.pool.HikariPool        : HikariPool-1 - Thread starvation or clock leap detected (housekeeper delta=58s503ms316µs400ns).
2024-09-15T11:22:13.803+02:00  INFO 7468 --- [electric_diary] [RMI TCP Connection(26)-127.0.0.1] inMXBeanRegistrar$SpringApplicationAdmin : Application shutdown requested.
2024-09-15T11:22:13.865+02:00  INFO 7468 --- [electric_diary] [RMI TCP Connection(26)-127.0.0.1] j.LocalContainerEntityManagerFactoryBean : Closing JPA EntityManagerFactory for persistence unit 'default'
2024-09-15T11:22:13.874+02:00  INFO 7468 --- [electric_diary] [RMI TCP Connection(26)-127.0.0.1] com.zaxxer.hikari.HikariDataSource       : HikariPool-1 - Shutdown initiated...
2024-09-15T11:22:13.896+02:00  INFO 7468 --- [electric_diary] [RMI TCP Connection(26)-127.0.0.1] com.zaxxer.hikari.HikariDataSource       : HikariPool-1 - Shutdown completed.
